<?xml version="1.0" encoding="UTF-8" ?>
<testsuite tests="2" failures="0" name="com.luismosquera93.picoyplaca.PicoPlacaTest" time="0.133" errors="0" skipped="0">
  <properties>
[...]
</properties>
  <testcase classname="com.luismosquera93.picoyplaca.PicoPlacaTest" name="com.luismosquera93.picoyplaca.PicoPlacaTest.testConsultarException" time="0.128"/>
  <testcase classname="com.luismosquera93.picoyplaca.PicoPlacaTest" name="com.luismosquera93.picoyplaca.PicoPlacaTest.testConsultarFalseTrue" time="0.005"/>
</testsuite>